[2022-04-12 11:37:34]  ----- BEGIN -----
[2022-04-12 11:37:34]  Old version 
[2022-04-18 15:43:59]  ----- BEGIN -----
[2022-04-18 15:43:59]  Old version 2.2.3
[2022-04-18 15:43:59]  Migrations found: 
[2022-04-18 15:43:59]  ArContactusUpgrade_157.php
[2022-04-18 15:43:59]  ArContactusUpgrade_160.php
[2022-04-18 15:43:59]  ArContactusUpgrade_180.php
[2022-04-18 15:43:59]  ArContactusUpgrade_182.php
[2022-04-18 15:43:59]  ArContactusUpgrade_195.php
[2022-04-18 15:43:59]  ArContactusUpgrade_199.php
[2022-04-18 15:43:59]  ArContactusUpgrade_200.php
[2022-04-18 15:43:59]  ArContactusUpgrade_211.php
[2022-04-18 15:43:59]  ArContactusUpgrade_223.php
[2022-04-18 15:43:59]  Store plugin version 2.2.3
[2022-04-18 15:43:59]  ----- END -----

[2022-04-18 15:44:00]  ----- BEGIN -----
[2022-04-18 15:44:00]  Old version 2.2.3
[2022-04-18 15:44:00]  Migrations found: 
[2022-04-18 15:44:00]  ArContactusUpgrade_157.php
[2022-04-18 15:44:00]  ArContactusUpgrade_160.php
[2022-04-18 15:44:00]  ArContactusUpgrade_180.php
[2022-04-18 15:44:00]  ArContactusUpgrade_182.php
[2022-04-18 15:44:00]  ArContactusUpgrade_195.php
[2022-04-18 15:44:00]  ArContactusUpgrade_199.php
[2022-04-18 15:44:00]  ArContactusUpgrade_200.php
[2022-04-18 15:44:00]  ArContactusUpgrade_211.php
[2022-04-18 15:44:00]  ArContactusUpgrade_223.php
[2022-04-18 15:44:01]  Store plugin version 2.2.3
[2022-04-18 15:44:01]  ----- END -----

[2022-04-26 10:46:04]  ----- BEGIN -----
[2022-04-26 10:46:04]  Old version 2.2.3
[2022-04-26 10:46:04]  Migrations found: 
[2022-04-26 10:46:04]  ArContactusUpgrade_157.php
[2022-04-26 10:46:04]  ArContactusUpgrade_160.php
[2022-04-26 10:46:04]  ArContactusUpgrade_180.php
[2022-04-26 10:46:04]  ArContactusUpgrade_182.php
[2022-04-26 10:46:04]  ArContactusUpgrade_195.php
[2022-04-26 10:46:04]  ArContactusUpgrade_199.php
[2022-04-26 10:46:04]  ArContactusUpgrade_200.php
[2022-04-26 10:46:04]  ArContactusUpgrade_211.php
[2022-04-26 10:46:04]  ArContactusUpgrade_223.php
[2022-04-26 10:46:04]  Store plugin version 2.2.3
[2022-04-26 10:46:04]  ----- END -----

[2022-04-26 10:46:05]  ----- BEGIN -----
[2022-04-26 10:46:05]  Old version 2.2.3
[2022-04-26 10:46:05]  Migrations found: 
[2022-04-26 10:46:05]  ArContactusUpgrade_157.php
[2022-04-26 10:46:05]  ArContactusUpgrade_160.php
[2022-04-26 10:46:05]  ArContactusUpgrade_180.php
[2022-04-26 10:46:05]  ArContactusUpgrade_182.php
[2022-04-26 10:46:05]  ArContactusUpgrade_195.php
[2022-04-26 10:46:05]  ArContactusUpgrade_199.php
[2022-04-26 10:46:05]  ArContactusUpgrade_200.php
[2022-04-26 10:46:05]  ArContactusUpgrade_211.php
[2022-04-26 10:46:05]  ArContactusUpgrade_223.php
[2022-04-26 10:46:05]  Store plugin version 2.2.3
[2022-04-26 10:46:05]  ----- END -----

[2022-05-03 20:12:41]  ----- BEGIN -----
[2022-05-03 20:12:41]  Old version 2.2.3
[2022-05-03 20:12:41]  Migrations found: 
[2022-05-03 20:12:41]  ArContactusUpgrade_157.php
[2022-05-03 20:12:41]  ArContactusUpgrade_160.php
[2022-05-03 20:12:41]  ArContactusUpgrade_180.php
[2022-05-03 20:12:41]  ArContactusUpgrade_182.php
[2022-05-03 20:12:41]  ArContactusUpgrade_195.php
[2022-05-03 20:12:41]  ArContactusUpgrade_199.php
[2022-05-03 20:12:41]  ArContactusUpgrade_200.php
[2022-05-03 20:12:41]  ArContactusUpgrade_211.php
[2022-05-03 20:12:41]  ArContactusUpgrade_223.php
[2022-05-03 20:12:41]  Store plugin version 2.2.3
[2022-05-03 20:12:41]  ----- END -----

[2022-05-03 20:12:42]  ----- BEGIN -----
[2022-05-03 20:12:42]  Old version 2.2.3
[2022-05-03 20:12:42]  Migrations found: 
[2022-05-03 20:12:42]  ArContactusUpgrade_157.php
[2022-05-03 20:12:42]  ArContactusUpgrade_160.php
[2022-05-03 20:12:42]  ArContactusUpgrade_180.php
[2022-05-03 20:12:42]  ArContactusUpgrade_182.php
[2022-05-03 20:12:42]  ArContactusUpgrade_195.php
[2022-05-03 20:12:42]  ArContactusUpgrade_199.php
[2022-05-03 20:12:42]  ArContactusUpgrade_200.php
[2022-05-03 20:12:42]  ArContactusUpgrade_211.php
[2022-05-03 20:12:42]  ArContactusUpgrade_223.php
[2022-05-03 20:12:42]  Store plugin version 2.2.3
[2022-05-03 20:12:42]  ----- END -----

[2022-05-05 06:32:13]  ----- BEGIN -----
[2022-05-05 06:32:13]  Old version 2.2.3
[2022-05-05 06:32:13]  Migrations found: 
[2022-05-05 06:32:13]  ArContactusUpgrade_157.php
[2022-05-05 06:32:13]  ArContactusUpgrade_160.php
[2022-05-05 06:32:13]  ArContactusUpgrade_180.php
[2022-05-05 06:32:13]  ArContactusUpgrade_182.php
[2022-05-05 06:32:13]  ArContactusUpgrade_195.php
[2022-05-05 06:32:13]  ArContactusUpgrade_199.php
[2022-05-05 06:32:13]  ArContactusUpgrade_200.php
[2022-05-05 06:32:13]  ArContactusUpgrade_211.php
[2022-05-05 06:32:13]  ArContactusUpgrade_223.php
[2022-05-05 06:32:13]  Store plugin version 2.2.3
[2022-05-05 06:32:13]  ----- END -----

[2022-05-11 09:44:46]  ----- BEGIN -----
[2022-05-11 09:44:46]  Old version 2.2.3
[2022-05-11 09:44:46]  Migrations found: 
[2022-05-11 09:44:46]  ArContactusUpgrade_157.php
[2022-05-11 09:44:46]  ArContactusUpgrade_160.php
[2022-05-11 09:44:46]  ArContactusUpgrade_180.php
[2022-05-11 09:44:46]  ArContactusUpgrade_182.php
[2022-05-11 09:44:46]  ArContactusUpgrade_195.php
[2022-05-11 09:44:46]  ArContactusUpgrade_199.php
[2022-05-11 09:44:46]  ArContactusUpgrade_200.php
[2022-05-11 09:44:46]  ArContactusUpgrade_211.php
[2022-05-11 09:44:46]  ArContactusUpgrade_223.php
[2022-05-11 09:44:46]  Store plugin version 2.2.3
[2022-05-11 09:44:46]  ----- END -----

[2022-05-11 09:44:48]  ----- BEGIN -----
[2022-05-11 09:44:48]  Old version 2.2.3
[2022-05-11 09:44:48]  Migrations found: 
[2022-05-11 09:44:48]  ArContactusUpgrade_157.php
[2022-05-11 09:44:48]  ArContactusUpgrade_160.php
[2022-05-11 09:44:48]  ArContactusUpgrade_180.php
[2022-05-11 09:44:48]  ArContactusUpgrade_182.php
[2022-05-11 09:44:48]  ArContactusUpgrade_195.php
[2022-05-11 09:44:48]  ArContactusUpgrade_199.php
[2022-05-11 09:44:48]  ArContactusUpgrade_200.php
[2022-05-11 09:44:48]  ArContactusUpgrade_211.php
[2022-05-11 09:44:48]  ArContactusUpgrade_223.php
[2022-05-11 09:44:48]  Store plugin version 2.2.3
[2022-05-11 09:44:48]  ----- END -----

[2022-05-17 06:44:39]  ----- BEGIN -----
[2022-05-17 06:44:39]  Old version 2.2.3
[2022-05-17 06:44:39]  Migrations found: 
[2022-05-17 06:44:39]  ArContactusUpgrade_157.php
[2022-05-17 06:44:40]  ArContactusUpgrade_160.php
[2022-05-17 06:44:40]  ArContactusUpgrade_180.php
[2022-05-17 06:44:40]  ArContactusUpgrade_182.php
[2022-05-17 06:44:40]  ArContactusUpgrade_195.php
[2022-05-17 06:44:40]  ArContactusUpgrade_199.php
[2022-05-17 06:44:40]  ArContactusUpgrade_200.php
[2022-05-17 06:44:40]  ArContactusUpgrade_211.php
[2022-05-17 06:44:40]  ArContactusUpgrade_223.php
[2022-05-17 06:44:40]  Store plugin version 2.2.3
[2022-05-17 06:44:40]  ----- END -----

[2022-05-18 11:05:56]  ----- BEGIN -----
[2022-05-18 11:05:56]  Old version 2.2.3
[2022-05-18 11:05:56]  Migrations found: 
[2022-05-18 11:05:56]  ArContactusUpgrade_157.php
[2022-05-18 11:05:56]  ArContactusUpgrade_160.php
[2022-05-18 11:05:56]  ArContactusUpgrade_180.php
[2022-05-18 11:05:56]  ArContactusUpgrade_182.php
[2022-05-18 11:05:56]  ArContactusUpgrade_195.php
[2022-05-18 11:05:56]  ArContactusUpgrade_199.php
[2022-05-18 11:05:56]  ArContactusUpgrade_200.php
[2022-05-18 11:05:56]  ArContactusUpgrade_211.php
[2022-05-18 11:05:56]  ArContactusUpgrade_223.php
[2022-05-18 11:05:56]  Store plugin version 2.2.3
[2022-05-18 11:05:56]  ----- END -----

[2022-05-18 11:05:57]  ----- BEGIN -----
[2022-05-18 11:05:57]  Old version 2.2.3
[2022-05-18 11:05:57]  Migrations found: 
[2022-05-18 11:05:57]  ArContactusUpgrade_157.php
[2022-05-18 11:05:57]  ArContactusUpgrade_160.php
[2022-05-18 11:05:57]  ArContactusUpgrade_180.php
[2022-05-18 11:05:57]  ArContactusUpgrade_182.php
[2022-05-18 11:05:57]  ArContactusUpgrade_195.php
[2022-05-18 11:05:57]  ArContactusUpgrade_199.php
[2022-05-18 11:05:57]  ArContactusUpgrade_200.php
[2022-05-18 11:05:57]  ArContactusUpgrade_211.php
[2022-05-18 11:05:57]  ArContactusUpgrade_223.php
[2022-05-18 11:05:57]  Store plugin version 2.2.3
[2022-05-18 11:05:57]  ----- END -----

[2022-05-26 10:36:40]  ----- BEGIN -----
[2022-05-26 10:36:40]  Old version 2.2.3
[2022-05-26 10:36:40]  Migrations found: 
[2022-05-26 10:36:40]  ArContactusUpgrade_157.php
[2022-05-26 10:36:40]  ArContactusUpgrade_160.php
[2022-05-26 10:36:40]  ArContactusUpgrade_180.php
[2022-05-26 10:36:40]  ArContactusUpgrade_182.php
[2022-05-26 10:36:40]  ArContactusUpgrade_195.php
[2022-05-26 10:36:40]  ArContactusUpgrade_199.php
[2022-05-26 10:36:40]  ArContactusUpgrade_200.php
[2022-05-26 10:36:40]  ArContactusUpgrade_211.php
[2022-05-26 10:36:40]  ArContactusUpgrade_223.php
[2022-05-26 10:36:40]  Store plugin version 2.2.3
[2022-05-26 10:36:40]  ----- END -----

[2022-05-26 10:36:41]  ----- BEGIN -----
[2022-05-26 10:36:41]  Old version 2.2.3
[2022-05-26 10:36:41]  Migrations found: 
[2022-05-26 10:36:41]  ArContactusUpgrade_157.php
[2022-05-26 10:36:41]  ArContactusUpgrade_160.php
[2022-05-26 10:36:41]  ArContactusUpgrade_180.php
[2022-05-26 10:36:41]  ArContactusUpgrade_182.php
[2022-05-26 10:36:41]  ArContactusUpgrade_195.php
[2022-05-26 10:36:41]  ArContactusUpgrade_199.php
[2022-05-26 10:36:41]  ArContactusUpgrade_200.php
[2022-05-26 10:36:41]  ArContactusUpgrade_211.php
[2022-05-26 10:36:41]  ArContactusUpgrade_223.php
[2022-05-26 10:36:41]  Store plugin version 2.2.3
[2022-05-26 10:36:41]  ----- END -----

[2022-06-02 10:37:00]  ----- BEGIN -----
[2022-06-02 10:37:00]  Old version 2.2.3
[2022-06-02 10:37:00]  Migrations found: 
[2022-06-02 10:37:00]  ArContactusUpgrade_157.php
[2022-06-02 10:37:00]  ArContactusUpgrade_160.php
[2022-06-02 10:37:00]  ArContactusUpgrade_180.php
[2022-06-02 10:37:00]  ArContactusUpgrade_182.php
[2022-06-02 10:37:00]  ArContactusUpgrade_195.php
[2022-06-02 10:37:00]  ArContactusUpgrade_199.php
[2022-06-02 10:37:00]  ArContactusUpgrade_200.php
[2022-06-02 10:37:00]  ArContactusUpgrade_211.php
[2022-06-02 10:37:00]  ArContactusUpgrade_223.php
[2022-06-02 10:37:00]  Store plugin version 2.2.3
[2022-06-02 10:37:00]  ----- END -----

[2022-06-02 10:37:01]  ----- BEGIN -----
[2022-06-02 10:37:01]  Old version 2.2.3
[2022-06-02 10:37:01]  Migrations found: 
[2022-06-02 10:37:01]  ArContactusUpgrade_157.php
[2022-06-02 10:37:01]  ArContactusUpgrade_160.php
[2022-06-02 10:37:01]  ArContactusUpgrade_180.php
[2022-06-02 10:37:01]  ArContactusUpgrade_182.php
[2022-06-02 10:37:01]  ArContactusUpgrade_195.php
[2022-06-02 10:37:01]  ArContactusUpgrade_199.php
[2022-06-02 10:37:01]  ArContactusUpgrade_200.php
[2022-06-02 10:37:01]  ArContactusUpgrade_211.php
[2022-06-02 10:37:01]  ArContactusUpgrade_223.php
[2022-06-02 10:37:01]  Store plugin version 2.2.3
[2022-06-02 10:37:01]  ----- END -----

[2022-06-09 14:42:58]  ----- BEGIN -----
[2022-06-09 14:42:58]  Old version 2.2.3
[2022-06-09 14:42:58]  Migrations found: 
[2022-06-09 14:42:58]  ArContactusUpgrade_157.php
[2022-06-09 14:42:58]  ArContactusUpgrade_160.php
[2022-06-09 14:42:58]  ArContactusUpgrade_180.php
[2022-06-09 14:42:58]  ArContactusUpgrade_182.php
[2022-06-09 14:42:58]  ArContactusUpgrade_195.php
[2022-06-09 14:42:58]  ArContactusUpgrade_199.php
[2022-06-09 14:42:58]  ArContactusUpgrade_200.php
[2022-06-09 14:42:58]  ArContactusUpgrade_211.php
[2022-06-09 14:42:58]  ArContactusUpgrade_223.php
[2022-06-09 14:42:58]  Store plugin version 2.2.3
[2022-06-09 14:42:58]  ----- END -----

[2022-06-09 14:42:59]  ----- BEGIN -----
[2022-06-09 14:42:59]  Old version 2.2.3
[2022-06-09 14:42:59]  Migrations found: 
[2022-06-09 14:42:59]  ArContactusUpgrade_157.php
[2022-06-09 14:42:59]  ArContactusUpgrade_160.php
[2022-06-09 14:42:59]  ArContactusUpgrade_180.php
[2022-06-09 14:42:59]  ArContactusUpgrade_182.php
[2022-06-09 14:42:59]  ArContactusUpgrade_195.php
[2022-06-09 14:42:59]  ArContactusUpgrade_199.php
[2022-06-09 14:42:59]  ArContactusUpgrade_200.php
[2022-06-09 14:42:59]  ArContactusUpgrade_211.php
[2022-06-09 14:42:59]  ArContactusUpgrade_223.php
[2022-06-09 14:42:59]  Store plugin version 2.2.3
[2022-06-09 14:42:59]  ----- END -----

[2022-06-17 13:25:57]  ----- BEGIN -----
[2022-06-17 13:25:57]  Old version 2.2.3
[2022-06-17 13:25:57]  Migrations found: 
[2022-06-17 13:25:57]  ArContactusUpgrade_157.php
[2022-06-17 13:25:58]  ArContactusUpgrade_160.php
[2022-06-17 13:25:58]  ArContactusUpgrade_180.php
[2022-06-17 13:25:58]  ArContactusUpgrade_182.php
[2022-06-17 13:25:58]  ArContactusUpgrade_195.php
[2022-06-17 13:25:58]  ArContactusUpgrade_199.php
[2022-06-17 13:25:58]  ArContactusUpgrade_200.php
[2022-06-17 13:25:58]  ArContactusUpgrade_211.php
[2022-06-17 13:25:58]  ArContactusUpgrade_223.php
[2022-06-17 13:25:58]  Store plugin version 2.2.3
[2022-06-17 13:25:58]  ----- END -----

[2022-06-17 13:25:59]  ----- BEGIN -----
[2022-06-17 13:25:59]  Old version 2.2.3
[2022-06-17 13:25:59]  Migrations found: 
[2022-06-17 13:25:59]  ArContactusUpgrade_157.php
[2022-06-17 13:25:59]  ArContactusUpgrade_160.php
[2022-06-17 13:25:59]  ArContactusUpgrade_180.php
[2022-06-17 13:25:59]  ArContactusUpgrade_182.php
[2022-06-17 13:25:59]  ArContactusUpgrade_195.php
[2022-06-17 13:25:59]  ArContactusUpgrade_199.php
[2022-06-17 13:25:59]  ArContactusUpgrade_200.php
[2022-06-17 13:25:59]  ArContactusUpgrade_211.php
[2022-06-17 13:25:59]  ArContactusUpgrade_223.php
[2022-06-17 13:25:59]  Store plugin version 2.2.3
[2022-06-17 13:25:59]  ----- END -----

[2022-06-24 13:50:03]  ----- BEGIN -----
[2022-06-24 13:50:03]  Old version 2.2.3
[2022-06-24 13:50:03]  Migrations found: 
[2022-06-24 13:50:03]  ArContactusUpgrade_157.php
[2022-06-24 13:50:03]  ArContactusUpgrade_160.php
[2022-06-24 13:50:03]  ArContactusUpgrade_180.php
[2022-06-24 13:50:03]  ArContactusUpgrade_182.php
[2022-06-24 13:50:03]  ArContactusUpgrade_195.php
[2022-06-24 13:50:03]  ArContactusUpgrade_199.php
[2022-06-24 13:50:03]  ArContactusUpgrade_200.php
[2022-06-24 13:50:03]  ArContactusUpgrade_211.php
[2022-06-24 13:50:03]  ArContactusUpgrade_223.php
[2022-06-24 13:50:03]  Store plugin version 2.2.3
[2022-06-24 13:50:03]  ----- END -----

[2022-06-24 13:50:04]  ----- BEGIN -----
[2022-06-24 13:50:04]  Old version 2.2.3
[2022-06-24 13:50:04]  Migrations found: 
[2022-06-24 13:50:04]  ArContactusUpgrade_157.php
[2022-06-24 13:50:04]  ArContactusUpgrade_160.php
[2022-06-24 13:50:04]  ArContactusUpgrade_180.php
[2022-06-24 13:50:04]  ArContactusUpgrade_182.php
[2022-06-24 13:50:04]  ArContactusUpgrade_195.php
[2022-06-24 13:50:04]  ArContactusUpgrade_199.php
[2022-06-24 13:50:04]  ArContactusUpgrade_200.php
[2022-06-24 13:50:04]  ArContactusUpgrade_211.php
[2022-06-24 13:50:04]  ArContactusUpgrade_223.php
[2022-06-24 13:50:05]  Store plugin version 2.2.3
[2022-06-24 13:50:05]  ----- END -----

[2022-07-03 15:40:37]  ----- BEGIN -----
[2022-07-03 15:40:37]  Old version 2.2.3
[2022-07-03 15:40:37]  Migrations found: 
[2022-07-03 15:40:37]  ArContactusUpgrade_157.php
[2022-07-03 15:40:37]  ArContactusUpgrade_160.php
[2022-07-03 15:40:37]  ArContactusUpgrade_180.php
[2022-07-03 15:40:37]  ArContactusUpgrade_182.php
[2022-07-03 15:40:37]  ArContactusUpgrade_195.php
[2022-07-03 15:40:37]  ArContactusUpgrade_199.php
[2022-07-03 15:40:37]  ArContactusUpgrade_200.php
[2022-07-03 15:40:37]  ArContactusUpgrade_211.php
[2022-07-03 15:40:37]  ArContactusUpgrade_223.php
[2022-07-03 15:40:37]  Store plugin version 2.2.3
[2022-07-03 15:40:37]  ----- END -----

[2022-07-03 15:40:38]  ----- BEGIN -----
[2022-07-03 15:40:38]  Old version 2.2.3
[2022-07-03 15:40:38]  Migrations found: 
[2022-07-03 15:40:38]  ArContactusUpgrade_157.php
[2022-07-03 15:40:38]  ArContactusUpgrade_160.php
[2022-07-03 15:40:38]  ArContactusUpgrade_180.php
[2022-07-03 15:40:38]  ArContactusUpgrade_182.php
[2022-07-03 15:40:38]  ArContactusUpgrade_195.php
[2022-07-03 15:40:38]  ArContactusUpgrade_199.php
[2022-07-03 15:40:38]  ArContactusUpgrade_200.php
[2022-07-03 15:40:38]  ArContactusUpgrade_211.php
[2022-07-03 15:40:38]  ArContactusUpgrade_223.php
[2022-07-03 15:40:38]  Store plugin version 2.2.3
[2022-07-03 15:40:38]  ----- END -----

[2022-07-11 11:37:08]  ----- BEGIN -----
[2022-07-11 11:37:08]  Old version 2.2.3
[2022-07-11 11:37:08]  Migrations found: 
[2022-07-11 11:37:08]  ArContactusUpgrade_157.php
[2022-07-11 11:37:08]  ArContactusUpgrade_160.php
[2022-07-11 11:37:08]  ArContactusUpgrade_180.php
[2022-07-11 11:37:08]  ArContactusUpgrade_182.php
[2022-07-11 11:37:08]  ArContactusUpgrade_195.p[2022-07-19 07:29:01]  ----- BEGIN -----
[2022-07-19 07:29:01]  Old version 2.2.3
[2022-07-19 07:29:01]  Migrations found: 
[2022-07-19 07:29:01]  ArContactusUpgrade_157.php
[2022-07-19 07:29:01]  ArContactusUpgrade_160.php
[2022-07-19 07:29:01]  ArContactusUpgrade_180.php
[2022-07-19 07:29:01]  ArContactusUpgrade_182.php
[2022-07-19 07:29:01]  ArContactusUpgrade_195.php
[2022-07-19 07:29:01]  ArContactusUpgrade_199.php
[2022-07-19 07:29:01]  ArContactusUpgrade_200.php
[2022-07-19 07:29:01]  ArContactusUpgrade_211.php
[2022-07-19 07:29:01]  ArContactusUpgrade_223.php
[2022-07-19 07:29:01]  Store plugin version 2.2.3
[2022-07-19 07:29:01]  ----- END -----

[2022-07-19 07:29:02]  ----- BEGIN -----
[2022-07-19 07:29:02]  Old version 2.2.3
[2022-07-19 07:29:02]  Migrations found: 
[2022-07-19 07:29:02]  ArContactusUpgrade_157.php
[2022-07-19 07:29:02]  ArContactusUpgrade_160.php
[2022-07-19 07:29:02]  ArContactusUpgrade_180.php
[2022-07-19 07:29:02]  ArContactusUpgrade_182.php
[2022-07-19 07:29:02]  ArContactusUpgrade_195.php
[2022-07-19 07:29:02]  ArContactusUpgrade_199.php
[2022-07-19 07:29:02]  ArContactusUpgrade_200.php
[2022-07-19 07:29:02]  ArContactusUpgrade_211.php
[2022-07-19 07:29:02]  ArContactusUpgrade_223.php
[2022-07-19 07:29:02]  Store plugin version 2.2.3
[2022-07-19 07:29:02]  ----- END -----

[2022-07-26 09:48:03]  ----- BEGIN -----
[2022-07-26 09:48:03]  Old version 2.2.3
[2022-07-26 09:48:03]  Migrations found: 
[2022-07-26 09:48:03]  ArContactusUpgrade_157.php
[2022-07-26 09:48:03]  ArContactusUpgrade_160.php
[2022-07-26 09:48:03]  ArContactusUpgrade_180.php
[2022-07-26 09:48:03]  ArContactusUpgrade_182.php
[2022-07-26 09:48:03]  ArContactusUpgrade_195.php
[2022-07-26 09:48:03]  ArContactusUpgrade_199.php
[2022-07-26 09:48:03]  ArContactusUpgrade_200.php
[2022-07-26 09:48:03]  ArContactusUpgrade_211.php
[2022-07-26 09:48:03]  ArContactusUpgrade_223.php
[2022-07-26 09:48:03]  Store plugin version 2.2.3
[2022-07-26 09:48:03]  ----- END -----

[2022-07-26 09:48:04]  ----- BEGIN -----
[2022-07-26 09:48:04]  Old version 2.2.3
[2022-07-26 09:48:04]  Migrations found: 
[2022-07-26 09:48:04]  ArContactusUpgrade_157.php
[2022-07-26 09:48:04]  ArContactusUpgrade_160.php
[2022-07-26 09:48:04]  ArContactusUpgrade_180.php
[2022-07-26 09:48:04]  ArContactusUpgrade_182.php
[2022-07-26 09:48:04]  ArContactusUpgrade_195.php
[2022-07-26 09:48:04]  ArContactusUpgrade_199.php
[2022-07-26 09:48:04]  ArContactusUpgrade_200.php
[2022-07-26 09:48:04]  ArContactusUpgrade_211.php
[2022-07-26 09:48:04]  ArContactusUpgrade_223.php
[2022-07-26 09:48:04]  Store plugin version 2.2.3
[2022-07-26 09:48:04]  ----- END -----

[2022-08-03 08:30:31]  ----- BEGIN -----
[2022-08-03 08:30:31]  Old version 2.2.3
[2022-08-03 08:30:31]  Migrations found: 
[2022-08-03 08:30:31]  ArContactusUpgrade_157.php
[2022-08-03 08:30:31]  ArContactusUpgrade_160.php
[2022-08-03 08:30:31]  ArContactusUpgrade_180.php
[2022-08-03 08:30:31]  ArContactusUpgrade_182.php
[2022-08-03 08:30:31]  ArContactusUpgrade_195.php
[2022-08-03 08:30:31]  ArContactusUpgrade_199.php
[2022-08-03 08:30:31]  ArContactusUpgrade_200.php
[2022-08-03 08:30:31]  ArContactusUpgrade_211.php
[2022-08-03 08:30:31]  ArContactusUpgrade_223.php
[2022-08-03 08:30:31]  Store plugin version 2.2.3
[2022-08-03 08:30:31]  ----- END -----

[2022-08-03 08:30:32]  ----- BEGIN -----
[2022-08-03 08:30:32]  Old version 2.2.3
[2022-08-03 08:30:32]  Migrations found: 
[2022-08-03 08:30:32]  ArContactusUpgrade_157.php
[2022-08-03 08:30:32]  ArContactusUpgrade_160.php
[2022-08-03 08:30:32]  ArContactusUpgrade_180.php
[2022-08-03 08:30:32]  ArContactusUpgrade_182.php
[2022-08-03 08:30:32]  ArContactusUpgrade_195.php
[2022-08-03 08:30:32]  ArContactusUpgrade_199.php
[2022-08-03 08:30:32]  ArContactusUpgrade_200.php
[2022-08-03 08:30:32]  ArContactusUpgrade_211.php
[2022-08-03 08:30:32]  ArContactusUpgrade_223.php
[2022-08-03 08:30:33]  Store plugin version 2.2.3
[2022-08-03 08:30:33]  ----- END -----

[2022-08-11 13:29:15]  ----- BEGIN -----
[2022-08-11 13:29:15]  Old version 2.2.3
[2022-08-11 13:29:15]  Migrati